INFO [2018-03-27 18:48:37] Reading C:/Users/Daniel Antal/OneDrive - Visegrad Investments/_data/data-raw/gesis/ZA5852_v4-0-0.sav
INFO [2018-03-27 18:48:37] Analyzing the GESIS file.
INFO [2018-03-27 18:48:37] Getting SPSS labels
INFO [2018-03-27 18:48:37] Getting SPSS names
INFO [2018-03-27 18:48:37] Getting SPSS classes
INFO [2018-03-27 18:48:37] Getting unique labels
INFO [2018-03-27 18:48:55] Suggesting conversions.
INFO [2018-03-27 18:49:14] Creating the suggested variables names.
INFO [2018-03-27 18:49:14] Reviewing exceptions with get_naming_exceptions()
INFO [2018-03-27 18:49:14] Analyzing naming conflicts.
INFO [2018-03-27 18:49:14] Not unqiue variable description.
INFO [2018-03-27 18:49:14] 30% of the variables an be converted automatically.
INFO [2018-03-27 18:49:14] 
Suggested conversion factor: 190
Suggested conversion character: 6
Suggested conversion numeric: 29
Suggested conversion multiple_choice: 319
Suggested conversion as_factor_yes_no_4: 27
Suggested conversion as_factor_pos_neg: 30
Suggested conversion rescale_yes_no_2: 7
Suggested conversion rescale_important_4: 3
Suggested conversion rescale_time_frequency_use: 18
Suggested conversion as_factor_4: 1
Suggested conversion as_factor_3: 4
Suggested conversion rescale_alphanumeric: 8
Suggested conversion : 1
Factors need individual attention.
Numeric variables can be imported to R without any problem.
INFO [2018-03-27 18:49:14] 
Finished with the analysis of the file without warning
C:/Users/Daniel Antal/OneDrive - Visegrad Investments/_data/data-raw/gesis/ZA5852_v4-0-0.sav
 with 27680 observations in 643 variables.
