INFO [2018-03-27 18:31:08] Reading C:/Users/Daniel Antal/OneDrive - Visegrad Investments/_data/data-raw/gesis/ZA6925_v1-0-0.sav
INFO [2018-03-27 18:31:08] Analyzing the GESIS file.
INFO [2018-03-27 18:31:08] Getting SPSS labels
INFO [2018-03-27 18:31:08] Getting SPSS names
INFO [2018-03-27 18:31:08] Getting SPSS classes
INFO [2018-03-27 18:31:08] Getting unique labels
INFO [2018-03-27 18:31:32] Suggesting conversions.
INFO [2018-03-27 18:31:58] Creating the suggested variables names.
INFO [2018-03-27 18:31:58] Reviewing exceptions with get_naming_exceptions()
INFO [2018-03-27 18:31:59] Analyzing naming conflicts.
INFO [2018-03-27 18:31:59] Not unqiue variable description.
INFO [2018-03-27 18:32:01] 25% of the variables an be converted automatically.
INFO [2018-03-27 18:32:01] 
Suggested conversion factor: 194
Suggested conversion character: 3
Suggested conversion numeric: 33
Suggested conversion multiple_choice: 427
Suggested conversion as_factor_3: 7
Suggested conversion rescale_yes_no_2: 3
Suggested conversion rescale_time_frequency_use: 13
Suggested conversion rescale_poor_high_4: 1
Suggested conversion rescale_image_5: 2
Suggested conversion rescale_important_3: 1
Suggested conversion as_factor_pos_neg: 11
Suggested conversion rescale_important_4: 11
Suggested conversion rescale_alphanumeric: 15
Suggested conversion as_factor_yes_no_4: 43
Suggested conversion : 8
Suggested conversion rescale_for_against_4: 1
Suggested conversion as_factor_4: 1
Factors need individual attention.
Numeric variables can be imported to R without any problem.
INFO [2018-03-27 18:32:01] 
Finished with the analysis of the file without warning
C:/Users/Daniel Antal/OneDrive - Visegrad Investments/_data/data-raw/gesis/ZA6925_v1-0-0.sav
 with 27881 observations in 774 variables.
