INFO [2018-03-27 18:44:14] Reading C:/Users/Daniel Antal/OneDrive - Visegrad Investments/_data/data-raw/gesis/ZA5928_v3-0-0.sav
INFO [2018-03-27 18:44:14] Analyzing the GESIS file.
INFO [2018-03-27 18:44:14] Getting SPSS labels
INFO [2018-03-27 18:44:14] Getting SPSS names
INFO [2018-03-27 18:44:14] Getting SPSS classes
INFO [2018-03-27 18:44:14] Getting unique labels
INFO [2018-03-27 18:44:32] Suggesting conversions.
INFO [2018-03-27 18:44:52] Creating the suggested variables names.
INFO [2018-03-27 18:44:52] Reviewing exceptions with get_naming_exceptions()
INFO [2018-03-27 18:44:52] Analyzing naming conflicts.
INFO [2018-03-27 18:44:52] 32% of the variables an be converted automatically.
INFO [2018-03-27 18:44:52] 
Suggested conversion factor: 194
Suggested conversion character: 6
Suggested conversion numeric: 41
Suggested conversion multiple_choice: 234
Suggested conversion as_factor_yes_no_4: 53
Suggested conversion as_factor_3: 9
Suggested conversion as_factor_4: 1
Suggested conversion as_factor_pos_neg: 26
Suggested conversion rescale_benefit_2: 2
Suggested conversion rescale_trust: 9
Suggested conversion rescale_image_5: 1
Suggested conversion rescale_description_alt: 6
Suggested conversion rescale_yes_no_2: 3
Suggested conversion rescale_for_against_2: 4
Suggested conversion rescale_for_against_4: 2
Suggested conversion rescale_satisfactory: 5
Suggested conversion : 3
Suggested conversion rescale_alphanumeric: 8
Suggested conversion rescale_time_frequency_use: 3
Factors need individual attention.
Numeric variables can be imported to R without any problem.
INFO [2018-03-27 18:44:52] 
Finished with the analysis of the file without warning
C:/Users/Daniel Antal/OneDrive - Visegrad Investments/_data/data-raw/gesis/ZA5928_v3-0-0.sav
 with 32689 observations in 610 variables.
INFO [2018-03-27 18:44:56] Reading C:/Users/Daniel Antal/OneDrive - Visegrad Investments/_data/data-raw/gesis/ZA5914_v3-0-0.sav
INFO [2018-03-27 18:44:56] Analyzing the GESIS file.
INFO [2018-03-27 18:44:56] Getting SPSS labels
INFO [2018-03-27 18:44:56] Getting SPSS names
INFO [2018-03-27 18:44:56] Getting SPSS classes
INFO [2018-03-27 18:44:56] Getting unique labels
INFO [2018-03-27 18:45:10] Suggesting conversions.
INFO [2018-03-27 18:45:24] Creating the suggested variables names.
INFO [2018-03-27 18:45:24] Reviewing exceptions with get_naming_exceptions()
INFO [2018-03-27 18:45:24] Analyzing naming conflicts.
INFO [2018-03-27 18:45:25] 30% of the variables an be converted automatically.
INFO [2018-03-27 18:45:25] 
Suggested conversion factor: 144
Suggested conversion character: 6
Suggested conversion numeric: 34
Suggested conversion multiple_choice: 236
Suggested conversion rescale_important_4: 1
Suggested conversion as_factor_4: 5
Suggested conversion as_factor_yes_no_4: 23
Suggested conversion as_factor_pos_neg: 8
Suggested conversion rescale_yes_no_2: 4
Suggested conversion : 10
Suggested conversion as_factor_3: 6
Suggested conversion rescale_alphanumeric: 8
Suggested conversion rescale_time_frequency_use: 3
Factors need individual attention.
Numeric variables can be imported to R without any problem.
INFO [2018-03-27 18:45:25] 
Finished with the analysis of the file without warning
C:/Users/Daniel Antal/OneDrive - Visegrad Investments/_data/data-raw/gesis/ZA5914_v3-0-0.sav
 with 27998 observations in 488 variables.
