INFO [2018-03-27 18:38:46] Reading C:/Users/Daniel Antal/OneDrive - Visegrad Investments/_data/data-raw/gesis/ZA6596_v2-0-0.sav
INFO [2018-03-27 18:38:46] Analyzing the GESIS file.
INFO [2018-03-27 18:38:46] Getting SPSS labels
INFO [2018-03-27 18:38:47] Getting SPSS names
INFO [2018-03-27 18:38:47] Getting SPSS classes
INFO [2018-03-27 18:38:48] Getting unique labels
INFO [2018-03-27 18:39:01] Suggesting conversions.
INFO [2018-03-27 18:39:16] Creating the suggested variables names.
INFO [2018-03-27 18:39:16] Reviewing exceptions with get_naming_exceptions()
INFO [2018-03-27 18:39:16] Analyzing naming conflicts.
INFO [2018-03-27 18:39:16] 36% of the variables an be converted automatically.
INFO [2018-03-27 18:39:16] 
Suggested conversion factor: 171
Suggested conversion character: 3
Suggested conversion numeric: 34
Suggested conversion multiple_choice: 197
Suggested conversion rescale_yes_no_2: 3
Suggested conversion as_factor_4: 2
Suggested conversion as_factor_3: 5
Suggested conversion rescale_image_5: 1
Suggested conversion rescale_important_4: 1
Suggested conversion rescale_important_3: 1
Suggested conversion rescale_trust: 1
Suggested conversion as_factor_yes_no_4: 15
Suggested conversion as_factor_pos_neg: 19
Suggested conversion : 2
Suggested conversion rescale_alphanumeric: 8
Suggested conversion rescale_time_frequency_use: 7
Factors need individual attention.
Numeric variables can be imported to R without any problem.
INFO [2018-03-27 18:39:16] 
Finished with the analysis of the file without warning
C:/Users/Daniel Antal/OneDrive - Visegrad Investments/_data/data-raw/gesis/ZA6596_v2-0-0.sav
 with 28150 observations in 470 variables.
