INFO [2018-03-27 18:43:22] Reading C:/Users/Daniel Antal/OneDrive - Visegrad Investments/_data/data-raw/gesis/ZA5930_v2-0-0.sav
INFO [2018-03-27 18:43:22] Analyzing the GESIS file.
INFO [2018-03-27 18:43:22] Getting SPSS labels
INFO [2018-03-27 18:43:22] Getting SPSS names
INFO [2018-03-27 18:43:22] Getting SPSS classes
INFO [2018-03-27 18:43:22] Getting unique labels
INFO [2018-03-27 18:43:33] Suggesting conversions.
INFO [2018-03-27 18:43:44] Creating the suggested variables names.
INFO [2018-03-27 18:43:44] Reviewing exceptions with get_naming_exceptions()
INFO [2018-03-27 18:43:44] Analyzing naming conflicts.
INFO [2018-03-27 18:43:44] Not unqiue variable description.
INFO [2018-03-27 18:43:44] 37% of the variables an be converted automatically.
INFO [2018-03-27 18:43:44] 
Suggested conversion factor: 153
Suggested conversion character: 6
Suggested conversion numeric: 34
Suggested conversion multiple_choice: 164
Suggested conversion rescale_yes_no_2: 7
Suggested conversion as_factor_yes_no_4: 30
Suggested conversion rescale_time_frequency_use: 4
Suggested conversion rescale_important_4: 1
Suggested conversion : 2
Suggested conversion as_factor_3: 6
Suggested conversion rescale_alphanumeric: 8
Suggested conversion as_factor_4: 1
Suggested conversion as_factor_pos_neg: 2
Factors need individual attention.
Numeric variables can be imported to R without any problem.
INFO [2018-03-27 18:43:44] 
Finished with the analysis of the file without warning
C:/Users/Daniel Antal/OneDrive - Visegrad Investments/_data/data-raw/gesis/ZA5930_v2-0-0.sav
 with 28050 observations in 418 variables.
INFO [2018-03-27 18:43:47] Reading C:/Users/Daniel Antal/OneDrive - Visegrad Investments/_data/data-raw/gesis/ZA5929_v3-0-0.sav
INFO [2018-03-27 18:43:47] Analyzing the GESIS file.
INFO [2018-03-27 18:43:47] Getting SPSS labels
INFO [2018-03-27 18:43:47] Getting SPSS names
INFO [2018-03-27 18:43:47] Getting SPSS classes
INFO [2018-03-27 18:43:47] Getting unique labels
INFO [2018-03-27 18:43:57] Suggesting conversions.
INFO [2018-03-27 18:44:08] Creating the suggested variables names.
INFO [2018-03-27 18:44:08] Reviewing exceptions with get_naming_exceptions()
INFO [2018-03-27 18:44:08] Analyzing naming conflicts.
INFO [2018-03-27 18:44:08] Not unqiue variable description.
INFO [2018-03-27 18:44:08] 41% of the variables an be converted automatically.
INFO [2018-03-27 18:44:08] 
Suggested conversion factor: 152
Suggested conversion character: 6
Suggested conversion numeric: 34
Suggested conversion multiple_choice: 83
Suggested conversion as_factor_yes_no_4: 18
Suggested conversion as_factor_pos_neg: 58
Suggested conversion : 2
Suggested conversion as_factor_3: 6
Suggested conversion rescale_alphanumeric: 8
Suggested conversion rescale_time_frequency_use: 3
Suggested conversion as_factor_4: 1
Factors need individual attention.
Numeric variables can be imported to R without any problem.
INFO [2018-03-27 18:44:08] 
Finished with the analysis of the file without warning
C:/Users/Daniel Antal/OneDrive - Visegrad Investments/_data/data-raw/gesis/ZA5929_v3-0-0.sav
 with 27910 observations in 371 variables.
