INFO [2018-03-27 18:36:45] Reading C:/Users/Daniel Antal/OneDrive - Visegrad Investments/_data/data-raw/gesis/ZA6693_v1-0-0.sav
INFO [2018-03-27 18:36:45] Analyzing the GESIS file.
INFO [2018-03-27 18:36:45] Getting SPSS labels
INFO [2018-03-27 18:36:45] Getting SPSS names
INFO [2018-03-27 18:36:45] Getting SPSS classes
INFO [2018-03-27 18:36:46] Getting unique labels
INFO [2018-03-27 18:37:00] Suggesting conversions.
INFO [2018-03-27 18:37:17] Creating the suggested variables names.
INFO [2018-03-27 18:37:17] Reviewing exceptions with get_naming_exceptions()
INFO [2018-03-27 18:37:17] Analyzing naming conflicts.
INFO [2018-03-27 18:37:17] Not unqiue variable description.
INFO [2018-03-27 18:37:17] 35% of the variables an be converted automatically.
INFO [2018-03-27 18:37:17] 
Suggested conversion factor: 185
Suggested conversion character: 3
Suggested conversion numeric: 33
Suggested conversion multiple_choice: 229
Suggested conversion as_factor_yes_no_4: 27
Suggested conversion : 16
Suggested conversion rescale_yes_no_2: 5
Suggested conversion rescale_time_frequency_use: 11
Suggested conversion as_factor_3: 3
Suggested conversion rescale_alphanumeric: 8
Suggested conversion as_factor_4: 1
Suggested conversion as_factor_pos_neg: 2
Suggested conversion rescale_image_5: 1
Factors need individual attention.
Numeric variables can be imported to R without any problem.
INFO [2018-03-27 18:37:17] 
Finished with the analysis of the file without warning
C:/Users/Daniel Antal/OneDrive - Visegrad Investments/_data/data-raw/gesis/ZA6693_v1-0-0.sav
 with 27969 observations in 524 variables.
