INFO [2018-03-27 18:33:42] Reading C:/Users/Daniel Antal/OneDrive - Visegrad Investments/_data/data-raw/gesis/ZA6791_v2-0-0.sav
INFO [2018-03-27 18:33:42] Analyzing the GESIS file.
INFO [2018-03-27 18:33:42] Getting SPSS labels
INFO [2018-03-27 18:33:42] Getting SPSS names
INFO [2018-03-27 18:33:42] Getting SPSS classes
INFO [2018-03-27 18:33:42] Getting unique labels
INFO [2018-03-27 18:33:55] Suggesting conversions.
INFO [2018-03-27 18:34:09] Creating the suggested variables names.
INFO [2018-03-27 18:34:09] Reviewing exceptions with get_naming_exceptions()
INFO [2018-03-27 18:34:09] Analyzing naming conflicts.
INFO [2018-03-27 18:34:09] Not unqiue variable description.
INFO [2018-03-27 18:34:12] 37% of the variables an be converted automatically.
INFO [2018-03-27 18:34:12] 
Suggested conversion factor: 160
Suggested conversion character: 3
Suggested conversion numeric: 34
Suggested conversion multiple_choice: 171
Suggested conversion rescale_yes_no_2: 12
Suggested conversion rescale_important_4: 4
Suggested conversion rescale_image_5: 2
Suggested conversion as_factor_yes_no_4: 21
Suggested conversion as_factor_4: 2
Suggested conversion as_factor_pos_neg: 1
Suggested conversion : 1
Suggested conversion as_factor_3: 4
Suggested conversion rescale_alphanumeric: 8
Suggested conversion rescale_time_frequency_use: 8
Factors need individual attention.
Numeric variables can be imported to R without any problem.
INFO [2018-03-27 18:34:12] 
Finished with the analysis of the file without warning
C:/Users/Daniel Antal/OneDrive - Visegrad Investments/_data/data-raw/gesis/ZA6791_v2-0-0.sav
 with 27929 observations in 431 variables.
