INFO [2018-03-27 17:13:43] Reading C:/Users/Daniel Antal/OneDrive - Visegrad Investments/_data/data-raw/gesis/ZA6863_v1-0-0.sav
INFO [2018-03-27 17:13:43] Analyzing the GESIS file.
INFO [2018-03-27 17:13:43] Getting SPSS labels
INFO [2018-03-27 17:13:43] Getting SPSS names
INFO [2018-03-27 17:13:43] Getting SPSS classes
INFO [2018-03-27 17:13:43] Getting unique labels
INFO [2018-03-27 17:14:05] Suggesting conversions.
INFO [2018-03-27 17:14:28] Creating the suggested variables names.
INFO [2018-03-27 17:14:28] Reviewing exceptions with get_naming_exceptions()
INFO [2018-03-27 17:14:28] Analyzing naming conflicts.
INFO [2018-03-27 17:14:30] Not unqiue variable, small sample.
INFO [2018-03-27 17:14:30] 30% of the variables an be converted automatically.
INFO [2018-03-27 17:14:30] 
Suggested conversion factor: 192
Suggested conversion character: 3
Suggested conversion numeric: 37
Suggested conversion as_factor_binary: 267
Suggested conversion as_factor_yes_no_4: 59
Suggested conversion rescale_time_frequency_use: 11
Suggested conversion as_factor_4: 1
Suggested conversion as_factor_pos_neg: 28
Suggested conversion rescale_image_5: 1
Suggested conversion rescale_description_alt: 6
Suggested conversion rescale_for_against_4: 4
Suggested conversion as_factor_3: 13
Suggested conversion rescale_alphanumeric: 8
Factors need individual attention.
Numeric variables can be imported to R without any problem.
INFO [2018-03-27 17:14:30] 
Finished with the analysis of the file without warning
C:/Users/Daniel Antal/OneDrive - Visegrad Investments/_data/data-raw/gesis/ZA6863_v1-0-0.sav
 with 33180 observations in 630 variables.
