INFO [2018-03-27 17:33:53] Reading C:/Users/Daniel Antal/OneDrive - Visegrad Investments/_data/data-raw/gesis/ZA5933_v5-0-0.sav
INFO [2018-03-27 17:33:53] Analyzing the GESIS file.
INFO [2018-03-27 17:33:53] Getting SPSS labels
INFO [2018-03-27 17:33:53] Getting SPSS names
INFO [2018-03-27 17:33:53] Getting SPSS classes
INFO [2018-03-27 17:33:53] Getting unique labels
INFO [2018-03-27 17:34:14] Suggesting conversions.
INFO [2018-03-27 17:34:36] Creating the suggested variables names.
INFO [2018-03-27 17:34:36] Reviewing exceptions with get_naming_exceptions()
INFO [2018-03-27 17:34:36] Analyzing naming conflicts.
INFO [2018-03-27 17:34:36] 28% of the variables an be converted automatically.
INFO [2018-03-27 17:34:36] 
Suggested conversion factor: 202
Suggested conversion character: 3
Suggested conversion numeric: 31
Suggested conversion as_factor_binary: 407
Suggested conversion as_factor_4: 3
Suggested conversion rescale_image_5: 2
Suggested conversion as_factor_pos_neg: 16
Suggested conversion as_factor_yes_no_4: 23
Suggested conversion rescale_time_frequency_use: 15
Suggested conversion rescale_alphanumeric: 10
Suggested conversion as_factor_3: 5
Factors need individual attention.
Numeric variables can be imported to R without any problem.
INFO [2018-03-27 17:34:36] 
Finished with the analysis of the file without warning
C:/Users/Daniel Antal/OneDrive - Visegrad Investments/_data/data-raw/gesis/ZA5933_v5-0-0.sav
 with 27801 observations in 717 variables.
