INFO [2018-03-27 18:34:19] Reading C:/Users/Daniel Antal/OneDrive - Visegrad Investments/_data/data-raw/gesis/ZA6788_v1-3-0.sav
INFO [2018-03-27 18:34:19] Analyzing the GESIS file.
INFO [2018-03-27 18:34:19] Getting SPSS labels
INFO [2018-03-27 18:34:19] Getting SPSS names
INFO [2018-03-27 18:34:19] Getting SPSS classes
INFO [2018-03-27 18:34:19] Getting unique labels
INFO [2018-03-27 18:34:42] Suggesting conversions.
INFO [2018-03-27 18:35:17] Creating the suggested variables names.
INFO [2018-03-27 18:35:17] Reviewing exceptions with get_naming_exceptions()
INFO [2018-03-27 18:35:17] Analyzing naming conflicts.
INFO [2018-03-27 18:35:21] 26% of the variables an be converted automatically.
INFO [2018-03-27 18:35:21] 
Suggested conversion factor: 189
Suggested conversion character: 3
Suggested conversion numeric: 37
Suggested conversion multiple_choice: 306
Suggested conversion as_factor_yes_no_4: 67
Suggested conversion rescale_time_frequency_use: 18
Suggested conversion as_factor_4: 5
Suggested conversion as_factor_pos_neg: 40
Suggested conversion rescale_benefit_2: 2
Suggested conversion rescale_trust: 21
Suggested conversion rescale_image_5: 1
Suggested conversion rescale_description_alt: 6
Suggested conversion rescale_yes_no_2: 4
Suggested conversion rescale_for_against_2: 9
Suggested conversion rescale_for_against_4: 4
Suggested conversion rescale_poor_high_4: 1
Suggested conversion : 6
Suggested conversion as_factor_3: 3
Suggested conversion rescale_alphanumeric: 8
Factors need individual attention.
Numeric variables can be imported to R without any problem.
INFO [2018-03-27 18:35:21] 
Finished with the analysis of the file without warning
C:/Users/Daniel Antal/OneDrive - Visegrad Investments/_data/data-raw/gesis/ZA6788_v1-3-0.sav
 with 32896 observations in 730 variables.
