INFO [2018-03-27 17:35:11] Reading C:/Users/Daniel Antal/OneDrive - Visegrad Investments/_data/data-raw/gesis/ZA5965_v1-0-0.sav
INFO [2018-03-27 17:35:11] Analyzing the GESIS file.
INFO [2018-03-27 17:35:11] Getting SPSS labels
INFO [2018-03-27 17:35:11] Getting SPSS names
INFO [2018-03-27 17:35:11] Getting SPSS classes
INFO [2018-03-27 17:35:11] Getting unique labels
INFO [2018-03-27 17:35:20] Suggesting conversions.
INFO [2018-03-27 17:35:31] Creating the suggested variables names.
INFO [2018-03-27 17:35:31] Reviewing exceptions with get_naming_exceptions()
INFO [2018-03-27 17:35:31] Analyzing naming conflicts.
INFO [2018-03-27 17:35:31] Not unqiue variable description.
INFO [2018-03-27 17:35:31] 51% of the variables an be converted automatically.
INFO [2018-03-27 17:35:31] 
Suggested conversion factor: 171
Suggested conversion character: 3
Suggested conversion numeric: 34
Suggested conversion as_factor_binary: 80
Suggested conversion as_factor_yes_no_4: 24
Suggested conversion as_factor_3: 4
Suggested conversion rescale_alphanumeric: 8
Suggested conversion rescale_time_frequency_use: 8
Suggested conversion as_factor_4: 1
Suggested conversion rescale_image_5: 1
Factors need individual attention.
Numeric variables can be imported to R without any problem.
INFO [2018-03-27 17:35:31] 
Finished with the analysis of the file without warning
C:/Users/Daniel Antal/OneDrive - Visegrad Investments/_data/data-raw/gesis/ZA5965_v1-0-0.sav
 with 28082 observations in 334 variables.
INFO [2018-03-27 17:35:35] Reading C:/Users/Daniel Antal/OneDrive - Visegrad Investments/_data/data-raw/gesis/ZA6595_v2-0-0.sav
INFO [2018-03-27 17:35:35] Analyzing the GESIS file.
INFO [2018-03-27 17:35:35] Getting SPSS labels
INFO [2018-03-27 17:35:35] Getting SPSS names
INFO [2018-03-27 17:35:35] Getting SPSS classes
INFO [2018-03-27 17:35:35] Getting unique labels
