INFO [2018-03-27 17:14:35] Reading C:/Users/Daniel Antal/OneDrive - Visegrad Investments/_data/data-raw/gesis/ZA6925_v1-0-0.sav
INFO [2018-03-27 17:14:35] Analyzing the GESIS file.
INFO [2018-03-27 17:14:35] Getting SPSS labels
INFO [2018-03-27 17:14:35] Getting SPSS names
INFO [2018-03-27 17:14:35] Getting SPSS classes
INFO [2018-03-27 17:14:35] Getting unique labels
INFO [2018-03-27 17:15:03] Suggesting conversions.
INFO [2018-03-27 17:15:32] Creating the suggested variables names.
INFO [2018-03-27 17:15:32] Reviewing exceptions with get_naming_exceptions()
INFO [2018-03-27 17:15:32] Analyzing naming conflicts.
INFO [2018-03-27 17:15:32] Not unqiue variable description.
INFO [2018-03-27 17:15:32] 29% of the variables an be converted automatically.
INFO [2018-03-27 17:15:32] 
Suggested conversion factor: 225
Suggested conversion character: 3
Suggested conversion numeric: 33
Suggested conversion as_factor_binary: 430
Suggested conversion rescale_time_frequency_use: 13
Suggested conversion rescale_poor_high_4: 1
Suggested conversion rescale_image_5: 2
Suggested conversion as_factor_pos_neg: 2
Suggested conversion rescale_alphanumeric: 15
Suggested conversion as_factor_yes_no_4: 43
Suggested conversion as_factor_3: 5
Suggested conversion rescale_for_against_4: 1
Suggested conversion as_factor_4: 1
Factors need individual attention.
Numeric variables can be imported to R without any problem.
INFO [2018-03-27 17:15:32] 
Finished with the analysis of the file without warning
C:/Users/Daniel Antal/OneDrive - Visegrad Investments/_data/data-raw/gesis/ZA6925_v1-0-0.sav
 with 27881 observations in 774 variables.
