INFO [2018-03-27 18:01:40] Reading C:/Users/Daniel Antal/OneDrive - Visegrad Investments/_data/data-raw/gesis/ZA6925_v1-0-0.sav
INFO [2018-03-27 18:01:40] Analyzing the GESIS file.
INFO [2018-03-27 18:01:40] Getting SPSS labels
INFO [2018-03-27 18:01:41] Getting SPSS names
INFO [2018-03-27 18:01:41] Getting SPSS classes
INFO [2018-03-27 18:01:41] Getting unique labels
INFO [2018-03-27 18:02:06] Suggesting conversions.
INFO [2018-03-27 18:02:33] Creating the suggested variables names.
INFO [2018-03-27 18:02:33] Reviewing exceptions with get_naming_exceptions()
INFO [2018-03-27 18:02:33] Analyzing naming conflicts.
INFO [2018-03-27 18:02:33] Not unqiue variable description.
INFO [2018-03-27 18:02:34] 28% of the variables an be converted automatically.
INFO [2018-03-27 18:02:34] 
Suggested conversion factor: 213
Suggested conversion character: 3
Suggested conversion numeric: 33
Suggested conversion multiple_choice: 427
Suggested conversion as_factor_3: 7
Suggested conversion rescale_yes_no_2: 3
Suggested conversion rescale_time_frequency_use: 13
Suggested conversion rescale_poor_high_4: 1
Suggested conversion rescale_image_5: 2
Suggested conversion as_factor_pos_neg: 11
Suggested conversion rescale_alphanumeric: 15
Suggested conversion as_factor_yes_no_4: 43
Suggested conversion rescale_for_against_4: 1
Suggested conversion : 1
Suggested conversion as_factor_4: 1
Factors need individual attention.
Numeric variables can be imported to R without any problem.
INFO [2018-03-27 18:02:34] 
Finished with the analysis of the file without warning
C:/Users/Daniel Antal/OneDrive - Visegrad Investments/_data/data-raw/gesis/ZA6925_v1-0-0.sav
 with 27881 observations in 774 variables.
