INFO [2018-03-27 17:11:08] Reading C:/Users/Daniel Antal/OneDrive - Visegrad Investments/_data/data-raw/gesis/ZA6695_v1-0-0.sav
INFO [2018-03-27 17:11:08] Analyzing the GESIS file.
INFO [2018-03-27 17:11:08] Getting SPSS labels
INFO [2018-03-27 17:11:08] Getting SPSS names
INFO [2018-03-27 17:11:08] Getting SPSS classes
INFO [2018-03-27 17:11:08] Getting unique labels
INFO [2018-03-27 17:11:21] Suggesting conversions.
INFO [2018-03-27 17:11:35] Creating the suggested variables names.
INFO [2018-03-27 17:11:35] Reviewing exceptions with get_naming_exceptions()
INFO [2018-03-27 17:11:35] Analyzing naming conflicts.
INFO [2018-03-27 17:11:35] Not unqiue variable description.
INFO [2018-03-27 17:11:35] 37% of the variables an be converted automatically.
INFO [2018-03-27 17:11:35] 
Suggested conversion factor: 177
Suggested conversion character: 3
Suggested conversion numeric: 33
Suggested conversion as_factor_binary: 216
Suggested conversion as_factor_4: 2
Suggested conversion as_factor_yes_no_4: 23
Suggested conversion rescale_time_frequency_use: 10
Suggested conversion as_factor_3: 10
Suggested conversion rescale_alphanumeric: 8
Suggested conversion rescale_image_5: 1
Factors need individual attention.
Numeric variables can be imported to R without any problem.
INFO [2018-03-27 17:11:35] 
Finished with the analysis of the file without warning
C:/Users/Daniel Antal/OneDrive - Visegrad Investments/_data/data-raw/gesis/ZA6695_v1-0-0.sav
 with 27818 observations in 483 variables.
INFO [2018-03-27 17:11:41] Reading C:/Users/Daniel Antal/OneDrive - Visegrad Investments/_data/data-raw/gesis/ZA6788_v1-3-0.sav
INFO [2018-03-27 17:11:41] Analyzing the GESIS file.
INFO [2018-03-27 17:11:41] Getting SPSS labels
INFO [2018-03-27 17:11:41] Getting SPSS names
INFO [2018-03-27 17:11:41] Getting SPSS classes
INFO [2018-03-27 17:11:41] Getting unique labels
INFO [2018-03-27 17:12:03] Suggesting conversions.
INFO [2018-03-27 17:12:27] Creating the suggested variables names.
INFO [2018-03-27 17:12:27] Reviewing exceptions with get_naming_exceptions()
INFO [2018-03-27 17:12:27] Analyzing naming conflicts.
INFO [2018-03-27 17:12:27] 28% of the variables an be converted automatically.
INFO [2018-03-27 17:12:27] 
Suggested conversion factor: 201
Suggested conversion character: 3
Suggested conversion numeric: 37
Suggested conversion as_factor_binary: 342
Suggested conversion as_factor_yes_no_4: 67
Suggested conversion rescale_time_frequency_use: 18
Suggested conversion as_factor_4: 5
Suggested conversion as_factor_pos_neg: 34
Suggested conversion rescale_image_5: 1
Suggested conversion rescale_description_alt: 6
Suggested conversion rescale_for_against_4: 4
Suggested conversion rescale_poor_high_4: 1
Suggested conversion as_factor_3: 3
Suggested conversion rescale_alphanumeric: 8
Factors need individual attention.
Numeric variables can be imported to R without any problem.
INFO [2018-03-27 17:12:27] 
Finished with the analysis of the file without warning
C:/Users/Daniel Antal/OneDrive - Visegrad Investments/_data/data-raw/gesis/ZA6788_v1-3-0.sav
 with 32896 observations in 730 variables.
