INFO [2018-03-27 18:45:29] Reading C:/Users/Daniel Antal/OneDrive - Visegrad Investments/_data/data-raw/gesis/ZA5913_v2-0-0.sav
INFO [2018-03-27 18:45:29] Analyzing the GESIS file.
INFO [2018-03-27 18:45:29] Getting SPSS labels
INFO [2018-03-27 18:45:29] Getting SPSS names
INFO [2018-03-27 18:45:29] Getting SPSS classes
INFO [2018-03-27 18:45:29] Getting unique labels
INFO [2018-03-27 18:45:40] Suggesting conversions.
INFO [2018-03-27 18:45:52] Creating the suggested variables names.
INFO [2018-03-27 18:45:52] Reviewing exceptions with get_naming_exceptions()
INFO [2018-03-27 18:45:52] Analyzing naming conflicts.
INFO [2018-03-27 18:45:52] Not unqiue variable description.
INFO [2018-03-27 18:45:52] 37% of the variables an be converted automatically.
INFO [2018-03-27 18:45:52] 
Suggested conversion factor: 148
Suggested conversion character: 6
Suggested conversion numeric: 34
Suggested conversion multiple_choice: 150
Suggested conversion as_factor_yes_no_4: 26
Suggested conversion as_factor_pos_neg: 8
Suggested conversion rescale_trust: 8
Suggested conversion rescale_image_5: 1
Suggested conversion rescale_for_against_2: 2
Suggested conversion as_factor_4: 2
Suggested conversion : 2
Suggested conversion as_factor_3: 7
Suggested conversion rescale_alphanumeric: 8
Suggested conversion rescale_time_frequency_use: 3
Factors need individual attention.
Numeric variables can be imported to R without any problem.
INFO [2018-03-27 18:45:52] 
Finished with the analysis of the file without warning
C:/Users/Daniel Antal/OneDrive - Visegrad Investments/_data/data-raw/gesis/ZA5913_v2-0-0.sav
 with 27932 observations in 405 variables.
INFO [2018-03-27 18:45:58] Reading C:/Users/Daniel Antal/OneDrive - Visegrad Investments/_data/data-raw/gesis/ZA5878_v2-0-0.sav
INFO [2018-03-27 18:45:58] Analyzing the GESIS file.
INFO [2018-03-27 18:45:58] Getting SPSS labels
INFO [2018-03-27 18:45:58] Getting SPSS names
INFO [2018-03-27 18:45:58] Getting SPSS classes
INFO [2018-03-27 18:45:58] Getting unique labels
INFO [2018-03-27 18:46:10] Suggesting conversions.
INFO [2018-03-27 18:46:23] Creating the suggested variables names.
INFO [2018-03-27 18:46:23] Reviewing exceptions with get_naming_exceptions()
INFO [2018-03-27 18:46:23] Analyzing naming conflicts.
INFO [2018-03-27 18:46:23] Not unqiue variable description.
INFO [2018-03-27 18:46:23] 36% of the variables an be converted automatically.
INFO [2018-03-27 18:46:23] 
Suggested conversion factor: 184
Suggested conversion character: 6
Suggested conversion numeric: 64
Suggested conversion multiple_choice: 206
Suggested conversion rescale_yes_no_2: 4
Suggested conversion rescale_alphanumeric: 11
Suggested conversion as_factor_yes_no_4: 15
Suggested conversion : 1
Suggested conversion rescale_time_frequency_use: 6
Suggested conversion as_factor_3: 7
Suggested conversion as_factor_4: 1
Factors need individual attention.
Numeric variables can be imported to R without any problem.
INFO [2018-03-27 18:46:23] 
Finished with the analysis of the file without warning
C:/Users/Daniel Antal/OneDrive - Visegrad Investments/_data/data-raw/gesis/ZA5878_v2-0-0.sav
 with 27739 observations in 505 variables.
