INFO [2018-03-27 17:12:31] Reading C:/Users/Daniel Antal/OneDrive - Visegrad Investments/_data/data-raw/gesis/ZA6791_v2-0-0.sav
INFO [2018-03-27 17:12:31] Analyzing the GESIS file.
INFO [2018-03-27 17:12:31] Getting SPSS labels
INFO [2018-03-27 17:12:31] Getting SPSS names
INFO [2018-03-27 17:12:31] Getting SPSS classes
INFO [2018-03-27 17:12:31] Getting unique labels
INFO [2018-03-27 17:12:44] Suggesting conversions.
INFO [2018-03-27 17:12:56] Creating the suggested variables names.
INFO [2018-03-27 17:12:57] Reviewing exceptions with get_naming_exceptions()
INFO [2018-03-27 17:12:57] Analyzing naming conflicts.
INFO [2018-03-27 17:12:57] Not unqiue variable description.
INFO [2018-03-27 17:12:57] 39% of the variables an be converted automatically.
INFO [2018-03-27 17:12:57] 
Suggested conversion factor: 166
Suggested conversion character: 3
Suggested conversion numeric: 34
Suggested conversion as_factor_binary: 183
Suggested conversion rescale_image_5: 2
Suggested conversion as_factor_yes_no_4: 21
Suggested conversion as_factor_4: 2
Suggested conversion as_factor_3: 4
Suggested conversion rescale_alphanumeric: 8
Suggested conversion rescale_time_frequency_use: 8
Factors need individual attention.
Numeric variables can be imported to R without any problem.
INFO [2018-03-27 17:12:57] 
Finished with the analysis of the file without warning
C:/Users/Daniel Antal/OneDrive - Visegrad Investments/_data/data-raw/gesis/ZA6791_v2-0-0.sav
 with 27929 observations in 431 variables.
INFO [2018-03-27 17:13:02] Reading C:/Users/Daniel Antal/OneDrive - Visegrad Investments/_data/data-raw/gesis/ZA6861_v1-2-0.sav
INFO [2018-03-27 17:13:02] Analyzing the GESIS file.
INFO [2018-03-27 17:13:02] Getting SPSS labels
INFO [2018-03-27 17:13:02] Getting SPSS names
INFO [2018-03-27 17:13:02] Getting SPSS classes
INFO [2018-03-27 17:13:02] Getting unique labels
INFO [2018-03-27 17:13:20] Suggesting conversions.
INFO [2018-03-27 17:13:38] Creating the suggested variables names.
INFO [2018-03-27 17:13:38] Reviewing exceptions with get_naming_exceptions()
INFO [2018-03-27 17:13:38] Analyzing naming conflicts.
INFO [2018-03-27 17:13:38] Not unqiue variable description.
INFO [2018-03-27 17:13:38] 36% of the variables an be converted automatically.
INFO [2018-03-27 17:13:38] 
Suggested conversion factor: 238
Suggested conversion character: 3
Suggested conversion numeric: 36
Suggested conversion as_factor_binary: 296
Suggested conversion rescale_time_frequency_use: 26
Suggested conversion as_factor_yes_no_4: 34
Suggested conversion as_factor_pos_neg: 1
Suggested conversion as_factor_3: 4
Suggested conversion rescale_poor_high_4: 10
Suggested conversion rescale_alphanumeric: 6
Suggested conversion as_factor_4: 1
Suggested conversion rescale_image_5: 1
Factors need individual attention.
Numeric variables can be imported to R without any problem.
INFO [2018-03-27 17:13:38] 
Finished with the analysis of the file without warning
C:/Users/Daniel Antal/OneDrive - Visegrad Investments/_data/data-raw/gesis/ZA6861_v1-2-0.sav
 with 27901 observations in 656 variables.
