INFO [2018-03-27 17:23:58] Reading C:/Users/Daniel Antal/OneDrive - Visegrad Investments/_data/data-raw/gesis/ZA5914_v3-0-0.sav
INFO [2018-03-27 17:23:58] Analyzing the GESIS file.
INFO [2018-03-27 17:23:58] Getting SPSS labels
INFO [2018-03-27 17:23:58] Getting SPSS names
INFO [2018-03-27 17:23:58] Getting SPSS classes
INFO [2018-03-27 17:23:58] Getting unique labels
INFO [2018-03-27 17:24:12] Suggesting conversions.
INFO [2018-03-27 17:24:27] Creating the suggested variables names.
INFO [2018-03-27 17:24:27] Reviewing exceptions with get_naming_exceptions()
INFO [2018-03-27 17:24:27] Analyzing naming conflicts.
INFO [2018-03-27 17:24:28] 33% of the variables an be converted automatically.
INFO [2018-03-27 17:24:28] 
Suggested conversion factor: 163
Suggested conversion character: 6
Suggested conversion numeric: 34
Suggested conversion as_factor_binary: 240
Suggested conversion as_factor_4: 5
Suggested conversion as_factor_yes_no_4: 23
Suggested conversion as_factor_3: 6
Suggested conversion rescale_alphanumeric: 8
Suggested conversion rescale_time_frequency_use: 3
Factors need individual attention.
Numeric variables can be imported to R without any problem.
INFO [2018-03-27 17:24:28] 
Finished with the analysis of the file without warning
C:/Users/Daniel Antal/OneDrive - Visegrad Investments/_data/data-raw/gesis/ZA5914_v3-0-0.sav
 with 27998 observations in 488 variables.
