INFO [2018-03-27 18:42:36] Reading C:/Users/Daniel Antal/OneDrive - Visegrad Investments/_data/data-raw/gesis/ZA5931_v2-1-0.sav
INFO [2018-03-27 18:42:36] Analyzing the GESIS file.
INFO [2018-03-27 18:42:36] Getting SPSS labels
INFO [2018-03-27 18:42:36] Getting SPSS names
INFO [2018-03-27 18:42:36] Getting SPSS classes
INFO [2018-03-27 18:42:36] Getting unique labels
INFO [2018-03-27 18:42:57] Suggesting conversions.
INFO [2018-03-27 18:43:19] Creating the suggested variables names.
INFO [2018-03-27 18:43:19] Reviewing exceptions with get_naming_exceptions()
INFO [2018-03-27 18:43:19] Analyzing naming conflicts.
INFO [2018-03-27 18:43:19] Not unqiue variable description.
INFO [2018-03-27 18:43:19] 25% of the variables an be converted automatically.
INFO [2018-03-27 18:43:19] 
Suggested conversion factor: 189
Suggested conversion character: 3
Suggested conversion numeric: 34
Suggested conversion multiple_choice: 448
Suggested conversion rescale_time_frequency_use: 19
Suggested conversion rescale_yes_no_2: 20
Suggested conversion rescale_important_4: 11
Suggested conversion : 9
Suggested conversion as_factor_4: 4
Suggested conversion as_factor_yes_no_4: 10
Suggested conversion as_factor_3: 3
Suggested conversion rescale_alphanumeric: 8
Suggested conversion as_factor_pos_neg: 2
Factors need individual attention.
Numeric variables can be imported to R without any problem.
INFO [2018-03-27 18:43:19] 
Finished with the analysis of the file without warning
C:/Users/Daniel Antal/OneDrive - Visegrad Investments/_data/data-raw/gesis/ZA5931_v2-1-0.sav
 with 27868 observations in 760 variables.
