INFO [2018-03-27 17:27:45] Reading C:/Users/Daniel Antal/OneDrive - Visegrad Investments/_data/data-raw/gesis/ZA5876_v2-0-0.sav
INFO [2018-03-27 17:27:45] Analyzing the GESIS file.
INFO [2018-03-27 17:27:45] Getting SPSS labels
INFO [2018-03-27 17:27:45] Getting SPSS names
INFO [2018-03-27 17:27:45] Getting SPSS classes
INFO [2018-03-27 17:27:45] Getting unique labels
INFO [2018-03-27 17:28:07] Suggesting conversions.
INFO [2018-03-27 17:28:31] Creating the suggested variables names.
INFO [2018-03-27 17:28:31] Reviewing exceptions with get_naming_exceptions()
INFO [2018-03-27 17:28:31] Analyzing naming conflicts.
INFO [2018-03-27 17:28:31] Not unqiue variable, small sample.
INFO [2018-03-27 17:28:31] 27% of the variables an be converted automatically.
INFO [2018-03-27 17:28:31] 
Suggested conversion factor: 202
Suggested conversion character: 6
Suggested conversion numeric: 38
Suggested conversion as_factor_binary: 358
Suggested conversion as_factor_yes_no_4: 67
Suggested conversion as_factor_pos_neg: 26
Suggested conversion rescale_image_5: 1
Suggested conversion rescale_for_against_4: 6
Suggested conversion as_factor_3: 10
Suggested conversion as_factor_4: 3
Suggested conversion rescale_time_frequency_use: 15
Suggested conversion rescale_poor_high_4: 1
Suggested conversion rescale_alphanumeric: 8
Factors need individual attention.
Numeric variables can be imported to R without any problem.
INFO [2018-03-27 17:28:31] 
Finished with the analysis of the file without warning
C:/Users/Daniel Antal/OneDrive - Visegrad Investments/_data/data-raw/gesis/ZA5876_v2-0-0.sav
 with 32411 observations in 741 variables.
