INFO [2018-03-27 17:10:28] Reading C:/Users/Daniel Antal/OneDrive - Visegrad Investments/_data/data-raw/gesis/ZA6694_v1-1-0.sav
INFO [2018-03-27 17:10:28] Analyzing the GESIS file.
INFO [2018-03-27 17:10:28] Getting SPSS labels
INFO [2018-03-27 17:10:28] Getting SPSS names
INFO [2018-03-27 17:10:28] Getting SPSS classes
INFO [2018-03-27 17:10:28] Getting unique labels
INFO [2018-03-27 17:10:45] Suggesting conversions.
INFO [2018-03-27 17:11:03] Creating the suggested variables names.
INFO [2018-03-27 17:11:03] Reviewing exceptions with get_naming_exceptions()
INFO [2018-03-27 17:11:03] Analyzing naming conflicts.
INFO [2018-03-27 17:11:03] Not unqiue variable, small sample.
INFO [2018-03-27 17:11:04] 32% of the variables an be converted automatically.
INFO [2018-03-27 17:11:04] 
Suggested conversion factor: 186
Suggested conversion character: 3
Suggested conversion numeric: 38
Suggested conversion as_factor_binary: 223
Suggested conversion as_factor_yes_no_4: 63
Suggested conversion as_factor_pos_neg: 27
Suggested conversion rescale_image_5: 1
Suggested conversion rescale_description_alt: 6
Suggested conversion rescale_for_against_4: 4
Suggested conversion as_factor_3: 3
Suggested conversion rescale_alphanumeric: 8
Suggested conversion rescale_time_frequency_use: 11
Suggested conversion as_factor_4: 1
Factors need individual attention.
Numeric variables can be imported to R without any problem.
INFO [2018-03-27 17:11:04] 
Finished with the analysis of the file without warning
C:/Users/Daniel Antal/OneDrive - Visegrad Investments/_data/data-raw/gesis/ZA6694_v1-1-0.sav
 with 32987 observations in 574 variables.
