INFO [2018-03-27 17:29:18] Reading C:/Users/Daniel Antal/OneDrive - Visegrad Investments/_data/data-raw/gesis/ZA5878_v2-0-0.sav
INFO [2018-03-27 17:29:18] Analyzing the GESIS file.
INFO [2018-03-27 17:29:18] Getting SPSS labels
INFO [2018-03-27 17:29:18] Getting SPSS names
INFO [2018-03-27 17:29:18] Getting SPSS classes
INFO [2018-03-27 17:29:18] Getting unique labels
INFO [2018-03-27 17:29:30] Suggesting conversions.
INFO [2018-03-27 17:29:42] Creating the suggested variables names.
INFO [2018-03-27 17:29:42] Reviewing exceptions with get_naming_exceptions()
INFO [2018-03-27 17:29:42] Analyzing naming conflicts.
INFO [2018-03-27 17:29:42] Not unqiue variable description.
INFO [2018-03-27 17:29:42] 37% of the variables an be converted automatically.
INFO [2018-03-27 17:29:43] 
Suggested conversion factor: 185
Suggested conversion character: 6
Suggested conversion numeric: 64
Suggested conversion as_factor_binary: 210
Suggested conversion rescale_alphanumeric: 11
Suggested conversion as_factor_yes_no_4: 15
Suggested conversion rescale_time_frequency_use: 6
Suggested conversion as_factor_3: 7
Suggested conversion as_factor_4: 1
Factors need individual attention.
Numeric variables can be imported to R without any problem.
INFO [2018-03-27 17:29:43] 
Finished with the analysis of the file without warning
C:/Users/Daniel Antal/OneDrive - Visegrad Investments/_data/data-raw/gesis/ZA5878_v2-0-0.sav
 with 27739 observations in 505 variables.
INFO [2018-03-27 17:29:46] Reading C:/Users/Daniel Antal/OneDrive - Visegrad Investments/_data/data-raw/gesis/ZA5913_v2-0-0.sav
INFO [2018-03-27 17:29:46] Analyzing the GESIS file.
INFO [2018-03-27 17:29:46] Getting SPSS labels
INFO [2018-03-27 17:29:46] Getting SPSS names
INFO [2018-03-27 17:29:46] Getting SPSS classes
INFO [2018-03-27 17:29:46] Getting unique labels
INFO [2018-03-27 17:29:58] Suggesting conversions.
INFO [2018-03-27 17:30:10] Creating the suggested variables names.
INFO [2018-03-27 17:30:10] Reviewing exceptions with get_naming_exceptions()
INFO [2018-03-27 17:30:10] Analyzing naming conflicts.
INFO [2018-03-27 17:30:10] Not unqiue variable description.
INFO [2018-03-27 17:30:12] 38% of the variables an be converted automatically.
INFO [2018-03-27 17:30:12] 
Suggested conversion factor: 152
Suggested conversion character: 6
Suggested conversion numeric: 34
Suggested conversion as_factor_binary: 160
Suggested conversion as_factor_yes_no_4: 26
Suggested conversion as_factor_pos_neg: 6
Suggested conversion rescale_image_5: 1
Suggested conversion as_factor_4: 2
Suggested conversion as_factor_3: 7
Suggested conversion rescale_alphanumeric: 8
Suggested conversion rescale_time_frequency_use: 3
Factors need individual attention.
Numeric variables can be imported to R without any problem.
INFO [2018-03-27 17:30:12] 
Finished with the analysis of the file without warning
C:/Users/Daniel Antal/OneDrive - Visegrad Investments/_data/data-raw/gesis/ZA5913_v2-0-0.sav
 with 27932 observations in 405 variables.
