INFO [2018-03-27 17:25:43] Reading C:/Users/Daniel Antal/OneDrive - Visegrad Investments/_data/data-raw/gesis/ZA5687_v3-0-0.sav
INFO [2018-03-27 17:25:43] Analyzing the GESIS file.
INFO [2018-03-27 17:25:43] Getting SPSS labels
INFO [2018-03-27 17:25:43] Getting SPSS names
INFO [2018-03-27 17:25:43] Getting SPSS classes
INFO [2018-03-27 17:25:43] Getting unique labels
INFO [2018-03-27 17:25:57] Suggesting conversions.
INFO [2018-03-27 17:26:15] Creating the suggested variables names.
INFO [2018-03-27 17:26:15] Reviewing exceptions with get_naming_exceptions()
INFO [2018-03-27 17:26:15] Analyzing naming conflicts.
INFO [2018-03-27 17:26:15] 32% of the variables an be converted automatically.
INFO [2018-03-27 17:26:15] 
Suggested conversion factor: 181
Suggested conversion character: 6
Suggested conversion numeric: 54
Suggested conversion as_factor_binary: 267
Suggested conversion as_factor_yes_no_4: 33
Suggested conversion recale_acceptable_3: 3
Suggested conversion as_factor_3: 3
Suggested conversion rescale_alphanumeric: 8
Suggested conversion rescale_time_frequency_use: 3
Factors need individual attention.
Numeric variables can be imported to R without any problem.
INFO [2018-03-27 17:26:15] 
Finished with the analysis of the file without warning
C:/Users/Daniel Antal/OneDrive - Visegrad Investments/_data/data-raw/gesis/ZA5687_v3-0-0.sav
 with 27786 observations in 558 variables.
