INFO [2018-03-27 18:03:28] Reading C:/Users/Daniel Antal/OneDrive - Visegrad Investments/_data/data-raw/gesis/ZA6861_v1-2-0.sav
INFO [2018-03-27 18:03:28] Analyzing the GESIS file.
INFO [2018-03-27 18:03:28] Getting SPSS labels
INFO [2018-03-27 18:03:29] Getting SPSS names
INFO [2018-03-27 18:03:29] Getting SPSS classes
INFO [2018-03-27 18:03:29] Getting unique labels
INFO [2018-03-27 18:03:48] Suggesting conversions.
INFO [2018-03-27 18:04:08] Creating the suggested variables names.
INFO [2018-03-27 18:04:08] Reviewing exceptions with get_naming_exceptions()
INFO [2018-03-27 18:04:09] Analyzing naming conflicts.
INFO [2018-03-27 18:04:09] Not unqiue variable description.
INFO [2018-03-27 18:04:09] 36% of the variables an be converted automatically.
INFO [2018-03-27 18:04:09] 
Suggested conversion factor: 234
Suggested conversion character: 3
Suggested conversion numeric: 36
Suggested conversion multiple_choice: 284
Suggested conversion rescale_time_frequency_use: 26
Suggested conversion as_factor_3: 5
Suggested conversion as_factor_yes_no_4: 34
Suggested conversion as_factor_pos_neg: 3
Suggested conversion rescale_yes_no_2: 8
Suggested conversion rescale_for_against_2: 4
Suggested conversion rescale_poor_high_4: 10
Suggested conversion : 1
Suggested conversion rescale_alphanumeric: 6
Suggested conversion as_factor_4: 1
Suggested conversion rescale_image_5: 1
Factors need individual attention.
Numeric variables can be imported to R without any problem.
INFO [2018-03-27 18:04:09] 
Finished with the analysis of the file without warning
C:/Users/Daniel Antal/OneDrive - Visegrad Investments/_data/data-raw/gesis/ZA6861_v1-2-0.sav
 with 27901 observations in 656 variables.
