INFO [2018-03-27 17:09:29] Reading C:/Users/Daniel Antal/OneDrive - Visegrad Investments/_data/data-raw/gesis/ZA6644_v2-0-0.sav
INFO [2018-03-27 17:09:29] Analyzing the GESIS file.
INFO [2018-03-27 17:09:29] Getting SPSS labels
INFO [2018-03-27 17:09:29] Getting SPSS names
INFO [2018-03-27 17:09:29] Getting SPSS classes
INFO [2018-03-27 17:09:29] Getting unique labels
INFO [2018-03-27 17:09:39] Suggesting conversions.
INFO [2018-03-27 17:09:49] Creating the suggested variables names.
INFO [2018-03-27 17:09:49] Reviewing exceptions with get_naming_exceptions()
INFO [2018-03-27 17:09:49] Analyzing naming conflicts.
INFO [2018-03-27 17:09:49] Not unqiue variable description.
INFO [2018-03-27 17:09:49] 47% of the variables an be converted automatically.
INFO [2018-03-27 17:09:49] 
Suggested conversion factor: 171
Suggested conversion character: 3
Suggested conversion numeric: 33
Suggested conversion as_factor_binary: 117
Suggested conversion as_factor_yes_no_4: 18
Suggested conversion as_factor_3: 4
Suggested conversion rescale_alphanumeric: 8
Suggested conversion rescale_time_frequency_use: 7
Suggested conversion as_factor_4: 1
Suggested conversion rescale_image_5: 1
Factors need individual attention.
Numeric variables can be imported to R without any problem.
INFO [2018-03-27 17:09:49] 
Finished with the analysis of the file without warning
C:/Users/Daniel Antal/OneDrive - Visegrad Investments/_data/data-raw/gesis/ZA6644_v2-0-0.sav
 with 27672 observations in 363 variables.
INFO [2018-03-27 17:09:53] Reading C:/Users/Daniel Antal/OneDrive - Visegrad Investments/_data/data-raw/gesis/ZA6693_v1-0-0.sav
INFO [2018-03-27 17:09:53] Analyzing the GESIS file.
INFO [2018-03-27 17:09:53] Getting SPSS labels
INFO [2018-03-27 17:09:53] Getting SPSS names
INFO [2018-03-27 17:09:53] Getting SPSS classes
INFO [2018-03-27 17:09:53] Getting unique labels
INFO [2018-03-27 17:10:07] Suggesting conversions.
INFO [2018-03-27 17:10:22] Creating the suggested variables names.
INFO [2018-03-27 17:10:22] Reviewing exceptions with get_naming_exceptions()
INFO [2018-03-27 17:10:23] Analyzing naming conflicts.
INFO [2018-03-27 17:10:23] Not unqiue variable description.
INFO [2018-03-27 17:10:23] 39% of the variables an be converted automatically.
INFO [2018-03-27 17:10:23] 
Suggested conversion factor: 203
Suggested conversion character: 3
Suggested conversion numeric: 33
Suggested conversion as_factor_binary: 234
Suggested conversion as_factor_yes_no_4: 27
Suggested conversion rescale_time_frequency_use: 11
Suggested conversion as_factor_3: 3
Suggested conversion rescale_alphanumeric: 8
Suggested conversion as_factor_4: 1
Suggested conversion rescale_image_5: 1
Factors need individual attention.
Numeric variables can be imported to R without any problem.
INFO [2018-03-27 17:10:23] 
Finished with the analysis of the file without warning
C:/Users/Daniel Antal/OneDrive - Visegrad Investments/_data/data-raw/gesis/ZA6693_v1-0-0.sav
 with 27969 observations in 524 variables.
