INFO [2018-03-27 17:34:41] Reading C:/Users/Daniel Antal/OneDrive - Visegrad Investments/_data/data-raw/gesis/ZA5964_v1-0-0.sav
INFO [2018-03-27 17:34:41] Analyzing the GESIS file.
INFO [2018-03-27 17:34:41] Getting SPSS labels
INFO [2018-03-27 17:34:42] Getting SPSS names
INFO [2018-03-27 17:34:42] Getting SPSS classes
INFO [2018-03-27 17:34:42] Getting unique labels
INFO [2018-03-27 17:34:55] Suggesting conversions.
INFO [2018-03-27 17:35:08] Creating the suggested variables names.
INFO [2018-03-27 17:35:08] Reviewing exceptions with get_naming_exceptions()
INFO [2018-03-27 17:35:08] Analyzing naming conflicts.
INFO [2018-03-27 17:35:08] Not unqiue variable description.
INFO [2018-03-27 17:35:08] 37% of the variables an be converted automatically.
INFO [2018-03-27 17:35:08] 
Suggested conversion factor: 163
Suggested conversion character: 3
Suggested conversion numeric: 34
Suggested conversion as_factor_binary: 202
Suggested conversion as_factor_yes_no_4: 11
Suggested conversion rescale_time_frequency_use: 16
Suggested conversion as_factor_4: 1
Suggested conversion as_factor_pos_neg: 1
Suggested conversion rescale_image_5: 1
Suggested conversion as_factor_3: 3
Suggested conversion rescale_alphanumeric: 8
Factors need individual attention.
Numeric variables can be imported to R without any problem.
INFO [2018-03-27 17:35:08] 
Finished with the analysis of the file without warning
C:/Users/Daniel Antal/OneDrive - Visegrad Investments/_data/data-raw/gesis/ZA5964_v1-0-0.sav
 with 27980 observations in 443 variables.
