INFO [2018-03-27 18:35:27] Reading C:/Users/Daniel Antal/OneDrive - Visegrad Investments/_data/data-raw/gesis/ZA6695_v1-0-0.sav
INFO [2018-03-27 18:35:27] Analyzing the GESIS file.
INFO [2018-03-27 18:35:27] Getting SPSS labels
INFO [2018-03-27 18:35:27] Getting SPSS names
INFO [2018-03-27 18:35:27] Getting SPSS classes
INFO [2018-03-27 18:35:27] Getting unique labels
INFO [2018-03-27 18:35:43] Suggesting conversions.
INFO [2018-03-27 18:35:58] Creating the suggested variables names.
INFO [2018-03-27 18:35:58] Reviewing exceptions with get_naming_exceptions()
INFO [2018-03-27 18:35:58] Analyzing naming conflicts.
INFO [2018-03-27 18:35:58] Not unqiue variable description.
INFO [2018-03-27 18:35:58] 35% of the variables an be converted automatically.
INFO [2018-03-27 18:35:58] 
Suggested conversion factor: 167
Suggested conversion character: 3
Suggested conversion numeric: 33
Suggested conversion multiple_choice: 213
Suggested conversion as_factor_4: 2
Suggested conversion : 2
Suggested conversion as_factor_yes_no_4: 23
Suggested conversion rescale_time_frequency_use: 10
Suggested conversion as_factor_3: 10
Suggested conversion rescale_trust: 3
Suggested conversion rescale_important_4: 6
Suggested conversion rescale_alphanumeric: 8
Suggested conversion as_factor_pos_neg: 2
Suggested conversion rescale_image_5: 1
Factors need individual attention.
Numeric variables can be imported to R without any problem.
INFO [2018-03-27 18:35:58] 
Finished with the analysis of the file without warning
C:/Users/Daniel Antal/OneDrive - Visegrad Investments/_data/data-raw/gesis/ZA6695_v1-0-0.sav
 with 27818 observations in 483 variables.
INFO [2018-03-27 18:36:04] Reading C:/Users/Daniel Antal/OneDrive - Visegrad Investments/_data/data-raw/gesis/ZA6694_v1-1-0.sav
INFO [2018-03-27 18:36:04] Analyzing the GESIS file.
INFO [2018-03-27 18:36:04] Getting SPSS labels
INFO [2018-03-27 18:36:05] Getting SPSS names
INFO [2018-03-27 18:36:05] Getting SPSS classes
INFO [2018-03-27 18:36:05] Getting unique labels
INFO [2018-03-27 18:36:22] Suggesting conversions.
INFO [2018-03-27 18:36:40] Creating the suggested variables names.
INFO [2018-03-27 18:36:40] Reviewing exceptions with get_naming_exceptions()
INFO [2018-03-27 18:36:40] Analyzing naming conflicts.
INFO [2018-03-27 18:36:40] Not unqiue variable, small sample.
INFO [2018-03-27 18:36:40] 32% of the variables an be converted automatically.
INFO [2018-03-27 18:36:40] 
Suggested conversion factor: 181
Suggested conversion character: 3
Suggested conversion numeric: 38
Suggested conversion multiple_choice: 193
Suggested conversion as_factor_yes_no_4: 63
Suggested conversion as_factor_pos_neg: 31
Suggested conversion rescale_benefit_2: 2
Suggested conversion rescale_trust: 16
Suggested conversion rescale_image_5: 1
Suggested conversion rescale_description_alt: 6
Suggested conversion rescale_yes_no_2: 3
Suggested conversion rescale_for_against_2: 9
Suggested conversion rescale_for_against_4: 4
Suggested conversion : 1
Suggested conversion as_factor_3: 3
Suggested conversion rescale_alphanumeric: 8
Suggested conversion rescale_time_frequency_use: 11
Suggested conversion as_factor_4: 1
Factors need individual attention.
Numeric variables can be imported to R without any problem.
INFO [2018-03-27 18:36:40] 
Finished with the analysis of the file without warning
C:/Users/Daniel Antal/OneDrive - Visegrad Investments/_data/data-raw/gesis/ZA6694_v1-1-0.sav
 with 32987 observations in 574 variables.
