INFO [2018-03-27 17:26:20] Reading C:/Users/Daniel Antal/OneDrive - Visegrad Investments/_data/data-raw/gesis/ZA5852_v4-0-0.sav
INFO [2018-03-27 17:26:20] Analyzing the GESIS file.
INFO [2018-03-27 17:26:20] Getting SPSS labels
INFO [2018-03-27 17:26:20] Getting SPSS names
INFO [2018-03-27 17:26:20] Getting SPSS classes
INFO [2018-03-27 17:26:20] Getting unique labels
INFO [2018-03-27 17:26:38] Suggesting conversions.
INFO [2018-03-27 17:26:58] Creating the suggested variables names.
INFO [2018-03-27 17:26:58] Reviewing exceptions with get_naming_exceptions()
INFO [2018-03-27 17:26:58] Analyzing naming conflicts.
INFO [2018-03-27 17:26:58] Not unqiue variable description.
INFO [2018-03-27 17:26:58] 33% of the variables an be converted automatically.
INFO [2018-03-27 17:26:58] 
Suggested conversion factor: 209
Suggested conversion character: 6
Suggested conversion numeric: 29
Suggested conversion as_factor_binary: 326
Suggested conversion as_factor_yes_no_4: 27
Suggested conversion as_factor_pos_neg: 15
Suggested conversion rescale_time_frequency_use: 18
Suggested conversion as_factor_4: 1
Suggested conversion as_factor_3: 4
Suggested conversion rescale_alphanumeric: 8
Factors need individual attention.
Numeric variables can be imported to R without any problem.
INFO [2018-03-27 17:26:58] 
Finished with the analysis of the file without warning
C:/Users/Daniel Antal/OneDrive - Visegrad Investments/_data/data-raw/gesis/ZA5852_v4-0-0.sav
 with 27680 observations in 643 variables.
INFO [2018-03-27 17:27:02] Reading C:/Users/Daniel Antal/OneDrive - Visegrad Investments/_data/data-raw/gesis/ZA5875_v2-1-0.sav
INFO [2018-03-27 17:27:02] Analyzing the GESIS file.
INFO [2018-03-27 17:27:02] Getting SPSS labels
INFO [2018-03-27 17:27:02] Getting SPSS names
INFO [2018-03-27 17:27:02] Getting SPSS classes
INFO [2018-03-27 17:27:02] Getting unique labels
INFO [2018-03-27 17:27:21] Suggesting conversions.
INFO [2018-03-27 17:27:39] Creating the suggested variables names.
INFO [2018-03-27 17:27:39] Reviewing exceptions with get_naming_exceptions()
INFO [2018-03-27 17:27:39] Analyzing naming conflicts.
INFO [2018-03-27 17:27:39] 31% of the variables an be converted automatically.
INFO [2018-03-27 17:27:39] 
Suggested conversion factor: 179
Suggested conversion character: 6
Suggested conversion numeric: 31
Suggested conversion as_factor_binary: 332
Suggested conversion rescale_image_5: 1
Suggested conversion as_factor_yes_no_4: 13
Suggested conversion as_factor_pos_neg: 2
Suggested conversion as_factor_3: 4
Suggested conversion rescale_alphanumeric: 8
Suggested conversion rescale_time_frequency_use: 3
Factors need individual attention.
Numeric variables can be imported to R without any problem.
INFO [2018-03-27 17:27:39] 
Finished with the analysis of the file without warning
C:/Users/Daniel Antal/OneDrive - Visegrad Investments/_data/data-raw/gesis/ZA5875_v2-1-0.sav
 with 27624 observations in 579 variables.
