INFO [2018-03-27 18:41:39] Reading C:/Users/Daniel Antal/OneDrive - Visegrad Investments/_data/data-raw/gesis/ZA5932_v2-1-0.sav
INFO [2018-03-27 18:41:39] Analyzing the GESIS file.
INFO [2018-03-27 18:41:39] Getting SPSS labels
INFO [2018-03-27 18:41:39] Getting SPSS names
INFO [2018-03-27 18:41:39] Getting SPSS classes
INFO [2018-03-27 18:41:39] Getting unique labels
INFO [2018-03-27 18:42:03] Suggesting conversions.
INFO [2018-03-27 18:42:29] Creating the suggested variables names.
INFO [2018-03-27 18:42:29] Reviewing exceptions with get_naming_exceptions()
INFO [2018-03-27 18:42:29] Analyzing naming conflicts.
INFO [2018-03-27 18:42:31] Not unqiue variable, small sample.
INFO [2018-03-27 18:42:31] 26% of the variables an be converted automatically.
INFO [2018-03-27 18:42:31] 
Suggested conversion factor: 195
Suggested conversion character: 3
Suggested conversion numeric: 39
Suggested conversion multiple_choice: 298
Suggested conversion as_factor_yes_no_4: 82
Suggested conversion rescale_time_frequency_use: 23
Suggested conversion as_factor_4: 4
Suggested conversion as_factor_pos_neg: 34
Suggested conversion rescale_benefit_2: 2
Suggested conversion rescale_trust: 26
Suggested conversion rescale_image_5: 1
Suggested conversion rescale_yes_no_2: 3
Suggested conversion rescale_for_against_2: 7
Suggested conversion rescale_for_against_4: 4
Suggested conversion as_factor_3: 13
Suggested conversion rescale_poor_high_4: 1
Suggested conversion : 6
Suggested conversion rescale_alphanumeric: 8
Factors need individual attention.
Numeric variables can be imported to R without any problem.
INFO [2018-03-27 18:42:31] 
Finished with the analysis of the file without warning
C:/Users/Daniel Antal/OneDrive - Visegrad Investments/_data/data-raw/gesis/ZA5932_v2-1-0.sav
 with 33662 observations in 749 variables.
